<?xml version="1.0" encoding="UTF-8"?>
<testsuite name="com.qatools.runners.Alerts" tests="0" skipped="0" failures="0" errors="0" timestamp="1970-01-01T00:00:00" hostname="LAPTOP-QDFIQC47" time="0.0">
  <properties/>
  <system-out><![CDATA[Feature: interactuar  con la opcion Alerts,Frame & Windows

  Scenario: Interactuo con las alertas                                        ?[90m# src/test/resources/Features/alert_f.feature:3?[0m
    ?[32mGiven ?[0m?[32mque el usuario continua en la pagina de QA tool ?[0m?[32m?[1mhttps://demoqa.com/?[0m ?[90m# stepAlert.queElUsuarioContinuaEnLaPaginaDeQAToolHttpsDemoqaCom(String)?[0m
    ?[32mWhen ?[0m?[32mentra a opcion Alerts presiona click me y aceptar?[0m                    ?[90m# stepAlert.entraAOpcionAlertsPresionaClickMeYAceptar()?[0m
    ?[32mThen ?[0m?[32mel usuario sale de la ventana?[0m                                        ?[90m# stepAlert.elUsuarioSaleDeLaVentana()?[0m

1 Scenarios (?[32m1 passed?[0m)
3 Steps (?[32m3 passed?[0m)
1m48,316s

]]></system-out>
  <system-err><![CDATA[[Test worker] INFO net.thucydides.core.steps.ConsoleLoggingListener - ?[96m

-------------------------------------------------------------------------------------
     _______. _______ .______       _______ .__   __.  __  .___________.____    ____ 
    /       ||   ____||   _  \     |   ____||  \ |  | |  | |           |\   \  /   / 
   |   (----`|  |__   |  |_)  |    |  |__   |   \|  | |  | `---|  |----` \   \/   /  
    \   \    |   __|  |      /     |   __|  |  . `  | |  |     |  |       \_    _/   
.----)   |   |  |____ |  |\  \----.|  |____ |  |\   | |  |     |  |         |  |     
|_______/    |_______|| _| `._____||_______||__| \__| |__|     |__|         |__|    
                                                                                     
 News and tutorials at http://www.serenity-bdd.info                                  
 Documentation at https://wakaleo.gitbooks.io/the-serenity-book/content/             
 Join the Serenity Community on Rocket Chat at https://serenity-bdd.rocket.chat      
 Serenity BDD Support and Training at http://serenity-bdd.info/#/trainingandsupport  
 Learn Serenity BDD online at http://serenity-dojo.com                               
-------------------------------------------------------------------------------------
?[0m
[Test worker] INFO net.thucydides.core.steps.ConsoleLoggingListener - Test Suite Started: interactuar  con la opcion Alerts,Frame & Windows
[Test worker] INFO net.thucydides.core.steps.ConsoleLoggingListener - ?[92m
        __    _____ _____ ____ _____   ____   _    ____  ____  _____ ____  
  _     \ \  |_   _| ____/ ___|_   _| |  _ \ / \  / ___|/ ___|| ____|  _ \ 
 (_)_____| |   | | |  _| \___ \ | |   | |_) / _ \ \___ \\___ \|  _| | | | |
  _|_____| |   | | | |___ ___) || |   |  __/ ___ \ ___) |___) | |___| |_| |
 (_)     | |   |_| |_____|____/ |_|   |_| /_/   \_\____/|____/|_____|____/ 
        /_/                                                                

TEST PASSED: Interactuo con las alertas
----------------------------------------------------------------------------?[0m
]]></system-err>
</testsuite>
