<?xml version="1.0" encoding="UTF-8"?>
<testsuite name="interactuar  con la opcion Alerts,Frame &amp; Windows" tests="1" skipped="0" failures="0" errors="0" timestamp="2023-01-12T22:19:35" hostname="LAPTOP-QDFIQC47" time="13.917">
  <properties/>
  <testcase name="Interactuo con las alertas" classname="interactuar  con la opcion Alerts,Frame &amp; Windows" time="13.917"/>
  <system-out><![CDATA[]]></system-out>
  <system-err><![CDATA[[Test worker] INFO net.thucydides.core.steps.ConsoleLoggingListener - 
 _____ _____ ____ _____   ____ _____  _    ____ _____ _____ ____  
|_   _| ____/ ___|_   _| / ___|_   _|/ \  |  _ \_   _| ____|  _ \ 
  | | |  _| \___ \ | |   \___ \ | | / _ \ | |_) || | |  _| | | | |
  | | | |___ ___) || |    ___) || |/ ___ \|  _ < | | | |___| |_| |
  |_| |_____|____/ |_|   |____/ |_/_/   \_\_| \_\|_| |_____|____/ 
                                                                  

TEST STARTED: Interactuo con las alertas
-------------------------------------------------------------------(interactuar--con-la-opcion-alerts-frame-&-windows;interactuo-con-las-alertas)
[Test worker] INFO net.thucydides.core.steps.ConsoleLoggingListener - STARTING STEP Given que el usuario continua en la pagina de QA tool https://demoqa.com/
[Test worker] INFO net.thucydides.core.steps.ConsoleLoggingListener - STARTING STEP Juanito abrir
[Test worker] INFO net.thucydides.core.steps.ConsoleLoggingListener - STARTING STEP juanito opens the Home page
ene 12, 2023 5:19:36 PM org.openqa.selenium.remote.DesiredCapabilities chrome
INFORMACIÓN: Using `new ChromeOptions()` is preferred to `DesiredCapabilities.chrome()`
[Test worker] INFO net.serenitybdd.core.webdriver.driverproviders.ProvideNewDriver - Instantiating driver
[Test worker] INFO net.serenitybdd.core.webdriver.driverproviders.ProvideNewDriver - Driver capabilities: Capabilities {acceptInsecureCerts: false, browserName: chrome, chrome.switches: --disk-cache-dir=null;--dis..., goog:chromeOptions: {args: [--disk-cache-dir=null, --disable-popup-blocking, --incognito, --disable-download-notifica..., --start-maximized, --test-type, --ignore-certificate-errors, --allow-running-insecure-co..., --disable-translate, --always-authorize-plugins, --disable-extensions, --enable-automation, --test-type], extensions: []}, loggingPrefs: org.openqa.selenium.logging..., platform: ANY, version: }
Starting ChromeDriver 108.0.5359.71 (1e0e3868ee06e91ad636a874420e3ca3ae3756ac-refs/branch-heads/5359@{#1016}) on port 8965
Only local connections are allowed.
Please see https://chromedriver.chromium.org/security-considerations for suggestions on keeping ChromeDriver safe.
ChromeDriver was started successfully.
ene 12, 2023 5:19:39 PM org.openqa.selenium.remote.ProtocolHandshake createSession
INFORMACIÓN: Detected dialect: W3C
[Test worker] INFO net.thucydides.core.steps.ConsoleLoggingListener - FINISHING STEP
[Test worker] INFO net.thucydides.core.steps.ConsoleLoggingListener - FINISHING STEP
[Test worker] INFO net.thucydides.core.steps.ConsoleLoggingListener - FINISHING STEP
[Test worker] INFO net.thucydides.core.steps.ConsoleLoggingListener - STARTING STEP When entra a opcion Alerts presiona click me y aceptar
[Test worker] INFO net.thucydides.core.steps.ConsoleLoggingListener - STARTING STEP Juanito seleccionar alert frame
[Test worker] INFO net.thucydides.core.steps.ConsoleLoggingListener - STARTING STEP juanito clicks on opcion alerts
[Test worker] INFO net.thucydides.core.steps.ConsoleLoggingListener - FINISHING STEP
[Test worker] INFO net.thucydides.core.steps.ConsoleLoggingListener - STARTING STEP juanito clicks on opcion Alerts
[Test worker] INFO net.thucydides.core.steps.ConsoleLoggingListener - FINISHING STEP
[Test worker] INFO net.thucydides.core.steps.ConsoleLoggingListener - STARTING STEP juanito clicks on seleccionar click me 1
[Test worker] INFO net.thucydides.core.steps.ConsoleLoggingListener - FINISHING STEP
[Test worker] INFO net.thucydides.core.steps.ConsoleLoggingListener - FINISHING STEP
[Test worker] INFO net.thucydides.core.steps.ConsoleLoggingListener - FINISHING STEP
[Test worker] INFO net.thucydides.core.steps.ConsoleLoggingListener - STARTING STEP Then el usuario sale de la ventana
[Test worker] INFO net.thucydides.core.steps.ConsoleLoggingListener - FINISHING STEP
]]></system-err>
</testsuite>
